2006.03.19 13:36 B F:\Work\siti internet\Sitov2.2\img\animoticons\angelo_1.gif --> ftp.dantionline.net /dantionline.net/img/animoticons angelo_1.gif
2006.03.19 13:36 B F:\Work\siti internet\Sitov2.2\img\animoticons\anim.gif --> ftp.dantionline.net /dantionline.net/img/animoticons anim.gif
2006.03.19 13:36 B F:\Work\siti internet\Sitov2.2\img\animoticons\animei.gif --> ftp.dantionline.net /dantionline.net/img/animoticons animei.gif
2006.03.19 13:37 B F:\Work\siti internet\Sitov2.2\img\animoticons\BABY2.GIF --> ftp.dantionline.net /dantionline.net/img/animoticons BABY2.GIF
2006.03.19 13:37 B F:\Work\siti internet\Sitov2.2\img\animoticons\bart.gif --> ftp.dantionline.net /dantionline.net/img/animoticons bart.gif
2006.03.19 13:37 B F:\Work\siti internet\Sitov2.2\img\animoticons\bartsimpson.gif --> ftp.dantionline.net /dantionline.net/img/animoticons bartsimpson.gif
2006.03.19 13:37 B F:\Work\siti internet\Sitov2.2\img\animoticons\basicp[1].gif --> ftp.dantionline.net /dantionline.net/img/animoticons basicp[1].gif
2006.03.19 13:37 B F:\Work\siti internet\Sitov2.2\img\animoticons\canali[1].gif --> ftp.dantionline.net /dantionline.net/img/animoticons canali[1].gif
2006.03.19 13:37 B F:\Work\siti internet\Sitov2.2\img\animoticons\ciak.gif --> ftp.dantionline.net /dantionline.net/img/animoticons ciak.gif
2006.03.19 13:37 B F:\Work\siti internet\Sitov2.2\img\animoticons\devil_1.gif --> ftp.dantionline.net /dantionline.net/img/animoticons devil_1.gif
2006.03.19 13:37 B F:\Work\siti internet\Sitov2.2\img\animoticons\diddl_macchina.gif --> ftp.dantionline.net /dantionline.net/img/animoticons diddl_macchina.gif
2006.03.19 13:38 B F:\Work\siti internet\Sitov2.2\img\animoticons\DIDL1.GIF --> ftp.dantionline.net /dantionline.net/img/animoticons DIDL1.GIF
2006.03.19 13:38 B F:\Work\siti internet\Sitov2.2\img\animoticons\flearun.gif --> ftp.dantionline.net /dantionline.net/img/animoticons flearun.gif
2006.03.19 13:38 B F:\Work\siti internet\Sitov2.2\img\animoticons\headbang.gif --> ftp.dantionline.net /dantionline.net/img/animoticons headbang.gif
2006.03.19 13:44 B F:\Work\siti internet\Sitov2.2\img\animoticons\hpothb07.tif --> ftp.dantionline.net /dantionline.net/img/animoticons hpothb07.tif
2006.03.19 13:44 B F:\Work\siti internet\Sitov2.2\img\animoticons\image001.gif --> ftp.dantionline.net /dantionline.net/img/animoticons image001.gif
2006.03.19 13:45 B F:\Work\siti internet\Sitov2.2\img\animoticons\Ken_il_guerriero_Animated_001.gif --> ftp.dantionline.net /dantionline.net/img/animoticons Ken_il_guerriero_Animated_001.gif
2006.03.19 13:47 B F:\Work\siti internet\Sitov2.2\img\animoticons\Ken_il_guerriero_Animated_002.gif --> ftp.dantionline.net /dantionline.net/img/animoticons Ken_il_guerriero_Animated_002.gif
2006.03.19 13:47 B F:\Work\siti internet\Sitov2.2\img\animoticons\Life.jpg --> ftp.dantionline.net /dantionline.net/img/animoticons Life.jpg
2006.03.19 13:47 B F:\Work\siti internet\Sitov2.2\img\animoticons\light1.gif --> ftp.dantionline.net /dantionline.net/img/animoticons light1.gif
2006.03.19 13:48 B F:\Work\siti internet\Sitov2.2\img\animoticons\light4.gif --> ftp.dantionline.net /dantionline.net/img/animoticons light4.gif
2006.03.19 13:51 B F:\Work\siti internet\Sitov2.2\img\animoticons\stu.gif --> ftp.dantionline.net /dantionline.net/img/animoticons stu.gif
2006.03.19 13:51 B F:\Work\siti internet\Sitov2.2\img\animoticons\wip_2.gif --> ftp.dantionline.net /dantionline.net/img/animoticons wip_2.gif
2006.03.19 13:51 B F:\Work\siti internet\Sitov2.2\img\animoticons\wip_1.gif --> ftp.dantionline.net /dantionline.net/img/animoticons wip_1.gif
2006.03.19 13:51 B F:\Work\siti internet\Sitov2.2\img\animoticons\warrior.gif --> ftp.dantionline.net /dantionline.net/img/animoticons warrior.gif
2006.03.19 13:51 B F:\Work\siti internet\Sitov2.2\img\animoticons\uniud.gif --> ftp.dantionline.net /dantionline.net/img/animoticons uniud.gif
2006.03.19 13:51 B F:\Work\siti internet\Sitov2.2\img\animoticons\tv.gif --> ftp.dantionline.net /dantionline.net/img/animoticons tv.gif
2006.03.19 13:51 B F:\Work\siti internet\Sitov2.2\img\animoticons\smile.gif --> ftp.dantionline.net /dantionline.net/img/animoticons smile.gif
2006.03.19 13:51 B F:\Work\siti internet\Sitov2.2\img\animoticons\music.gif --> ftp.dantionline.net /dantionline.net/img/animoticons music.gif
2006.03.19 13:51 B F:\Work\siti internet\Sitov2.2\img\animoticons\devil_1.gif --> ftp.dantionline.net /dantionline.net/img/animoticons devil_1.gif
2006.03.19 13:51 B F:\Work\siti internet\Sitov2.2\img\animoticons\ciak.gif --> ftp.dantionline.net /dantionline.net/img/animoticons ciak.gif
2006.03.19 13:52 B F:\Work\siti internet\Sitov2.2\img\animoticons\bart.gif --> ftp.dantionline.net /dantionline.net/img/animoticons bart.gif
2006.03.19 13:52 B F:\Work\siti internet\Sitov2.2\img\animoticons\angelo_1.gif --> ftp.dantionline.net /dantionline.net/img/animoticons angelo_1.gif
